<?xml version="1.0" encoding="UTF-8" ?>
<testsuite failures="0" time="4.05" errors="1" skipped="0" tests="7" name="org.exoplatform.todo.AppTest">
  <properties>
[...]
</properties>
  <testcase time="3.634" classname="org.exoplatform.todo.AppTest" name="testWorkspacesName"/>
  <testcase time="0.04" classname="org.exoplatform.todo.AppTest" name="testLogin"/>
  <testcase time="0.034" classname="org.exoplatform.todo.AppTest" name="testAddingNode"/>
  <testcase time="0.012" classname="org.exoplatform.todo.AppTest" name="testBrowsingContent"/>
  <testcase time="0.257" classname="org.exoplatform.todo.AppTest" name="testSearchingContentWithXPath"/>
  <testcase time="0.048" classname="org.exoplatform.todo.AppTest" name="testSearchingContentWithLuceneFuzzy"/>
  <testcase time="0.006" classname="org.exoplatform.todo.AppTest" name="testRegisterNodeType">
    <error message="Unknown Prefix todo: Unknown Prefix todo: Unknown Prefix todo" type="javax.jcr.RepositoryException">javax.jcr.RepositoryException: Unknown Prefix todo: Unknown Prefix todo: Unknown Prefix todo
	at org.exoplatform.services.jcr.impl.core.LocationFactory.parsePathEntry(LocationFactory.java:213)
	at org.exoplatform.services.jcr.impl.core.LocationFactory.parseJCRName(LocationFactory.java:143)
	at org.exoplatform.services.jcr.impl.core.nodetype.registration.NodeTypeConverter.convertFromValueToData(NodeTypeConverter.java:89)
	at org.exoplatform.services.jcr.impl.core.nodetype.NodeTypeDataManagerImpl.registerNodeTypes(NodeTypeDataManagerImpl.java:647)
	at org.exoplatform.services.jcr.impl.core.nodetype.NodeTypeManagerImpl.registerNodeTypes(NodeTypeManagerImpl.java:255)
	at org.exoplatform.services.jcr.impl.core.nodetype.NodeTypeManagerImpl.registerNodeType(NodeTypeManagerImpl.java:248)
	at org.exoplatform.todo.AppTest.testRegisterNodeType(AppTest.java:237)
Caused by: javax.jcr.NamespaceException: Unknown Prefix todo
	at org.exoplatform.services.jcr.impl.core.NamespaceRegistryImpl.getURI(NamespaceRegistryImpl.java:211)
	at org.exoplatform.services.jcr.impl.core.NamespaceRegistryImpl.getNamespaceURIByPrefix(NamespaceRegistryImpl.java:164)
	at org.exoplatform.services.jcr.impl.core.LocationFactory.parsePathEntry(LocationFactory.java:207)
	... 34 more
javax.jcr.NamespaceException: Unknown Prefix todo
	at org.exoplatform.services.jcr.impl.core.NamespaceRegistryImpl.getURI(NamespaceRegistryImpl.java:211)
	at org.exoplatform.services.jcr.impl.core.NamespaceRegistryImpl.getNamespaceURIByPrefix(NamespaceRegistryImpl.java:164)
	at org.exoplatform.services.jcr.impl.core.LocationFactory.parsePathEntry(LocationFactory.java:207)
	at org.exoplatform.services.jcr.impl.core.LocationFactory.parseJCRName(LocationFactory.java:143)
	at org.exoplatform.services.jcr.impl.core.nodetype.registration.NodeTypeConverter.convertFromValueToData(NodeTypeConverter.java:89)
	at org.exoplatform.services.jcr.impl.core.nodetype.NodeTypeDataManagerImpl.registerNodeTypes(NodeTypeDataManagerImpl.java:647)
	at org.exoplatform.services.jcr.impl.core.nodetype.NodeTypeManagerImpl.registerNodeTypes(NodeTypeManagerImpl.java:255)
	at org.exoplatform.services.jcr.impl.core.nodetype.NodeTypeManagerImpl.registerNodeType(NodeTypeManagerImpl.java:248)
	at org.exoplatform.todo.AppTest.testRegisterNodeType(AppTest.java:237)
	at sun.reflect.NativeMethodAccessorImpl.invoke0(Native Method)
	at sun.reflect.NativeMethodAccessorImpl.invoke(NativeMethodAccessorImpl.java:57)
	at sun.reflect.DelegatingMethodAccessorImpl.invoke(DelegatingMethodAccessorImpl.java:43)
	at java.lang.reflect.Method.invoke(Method.java:616)
	at junit.framework.TestCase.runTest(TestCase.java:154)
	at junit.framework.TestCase.runBare(TestCase.java:127)
	at junit.framework.TestResult$1.protect(TestResult.java:106)
	at junit.framework.TestResult.runProtected(TestResult.java:124)
	at junit.framework.TestResult.run(TestResult.java:109)
	at junit.framework.TestCase.run(TestCase.java:118)
	at junit.framework.TestSuite.runTest(TestSuite.java:208)
	at junit.framework.TestSuite.run(TestSuite.java:203)
	at sun.reflect.NativeMethodAccessorImpl.invoke0(Native Method)
	at sun.reflect.NativeMethodAccessorImpl.invoke(NativeMethodAccessorImpl.java:57)
	at sun.reflect.DelegatingMethodAccessorImpl.invoke(DelegatingMethodAccessorImpl.java:43)
	at java.lang.reflect.Method.invoke(Method.java:616)
	at org.apache.maven.surefire.junit.JUnitTestSet.execute(JUnitTestSet.java:96)
	at org.apache.maven.surefire.junit.JUnit3Provider.executeTestSet(JUnit3Provider.java:117)
	at org.apache.maven.surefire.junit.JUnit3Provider.invoke(JUnit3Provider.java:94)
	at sun.reflect.NativeMethodAccessorImpl.invoke0(Native Method)
	at sun.reflect.NativeMethodAccessorImpl.invoke(NativeMethodAccessorImpl.java:57)
	at sun.reflect.DelegatingMethodAccessorImpl.invoke(DelegatingMethodAccessorImpl.java:43)
	at java.lang.reflect.Method.invoke(Method.java:616)
	at org.apache.maven.surefire.util.ReflectionUtils.invokeMethodWithArray(ReflectionUtils.java:164)
	at org.apache.maven.surefire.booter.ProviderFactory$ProviderProxy.invoke(ProviderFactory.java:110)
	at org.apache.maven.surefire.booter.SurefireStarter.invokeProvider(SurefireStarter.java:175)
	at org.apache.maven.surefire.booter.SurefireStarter.runSuitesInProcessWhenForked(SurefireStarter.java:107)
	at org.apache.maven.surefire.booter.ForkedBooter.main(ForkedBooter.java:68)
</error>
    <system-out>-----------------setUp()-----------------
-----------------testRegisterNodeType()-----------------
</system-out>
  </testcase>
</testsuite>